<?xml version="1.0" encoding="UTF-8"?>
<testng-results ignored="0" total="1" passed="1" failed="0" skipped="0">
  <reporter-output>
  </reporter-output>
  <suite started-at="2026-01-13T08:56:45 IST" name="Default suite" finished-at="2026-01-13T08:56:45 IST" duration-ms="38">
    <groups>
    </groups>
    <test started-at="2026-01-13T08:56:45 IST" name="Default test" finished-at="2026-01-13T08:56:45 IST" duration-ms="38">
      <class name="aut.ApiTestRunner">
        <test-method is-config="true" signature="beforeSuite()[pri:0, instance:aut.ApiTestRunner@3724af13]" started-at="2026-01-13T08:56:45 IST" name="beforeSuite" finished-at="2026-01-13T08:56:45 IST" duration-ms="188" status="PASS">
          <reporter-output>
          </reporter-output>
        </test-method> <!-- beforeSuite -->
        <test-method is-config="true" signature="beforeMethod(java.lang.reflect.Method)[pri:0, instance:aut.ApiTestRunner@3724af13]" started-at="2026-01-13T08:56:45 IST" name="beforeMethod" finished-at="2026-01-13T08:56:45 IST" duration-ms="4" status="PASS">
          <params>
            <param index="0">
              <value>
                <![CDATA[public void aut.ApiTestRunner.verifyLoggingSetup()]]>
              </value>
            </param>
          </params>
          <reporter-output>
          </reporter-output>
        </test-method> <!-- beforeMethod -->
        <test-method signature="verifyLoggingSetup()[pri:0, instance:aut.ApiTestRunner@3724af13]" started-at="2026-01-13T08:56:45 IST" name="verifyLoggingSetup" finished-at="2026-01-13T08:56:45 IST" duration-ms="12" status="PASS">
          <reporter-output>
          </reporter-output>
        </test-method> <!-- verifyLoggingSetup -->
        <test-method is-config="true" signature="afterMethod(org.testng.ITestResult)[pri:0, instance:aut.ApiTestRunner@3724af13]" started-at="2026-01-13T08:56:45 IST" name="afterMethod" finished-at="2026-01-13T08:56:45 IST" duration-ms="1" status="PASS">
          <params>
            <param index="0">
              <value>
                <![CDATA[[TestResult name=verifyLoggingSetup status=SUCCESS method=ApiTestRunner.verifyLoggingSetup()[pri:0, instance:aut.ApiTestRunner@3724af13] output={null}]]]>
              </value>
            </param>
          </params>
          <reporter-output>
          </reporter-output>
        </test-method> <!-- afterMethod -->
        <test-method is-config="true" signature="afterSuite()[pri:0, instance:aut.ApiTestRunner@3724af13]" started-at="2026-01-13T08:56:45 IST" name="afterSuite" finished-at="2026-01-13T08:56:45 IST" duration-ms="233" status="PASS">
          <reporter-output>
          </reporter-output>
        </test-method> <!-- afterSuite -->
      </class> <!-- aut.ApiTestRunner -->
    </test> <!-- Default test -->
  </suite> <!-- Default suite -->
</testng-results>
